0 silly argv {
0 silly argv   _: [ 'version' ],
0 silly argv   lernaVersion: '6.0.3',
0 silly argv   '$0': '/Users/fengshenhai/workspace/2022/fsh-gulu/node_modules/.bin/lerna'
0 silly argv }
1 notice cli v6.0.3
2 verbose rootPath /Users/fengshenhai/workspace/2022/fsh-gulu
3 info current version 0.0.2
4 silly isAnythingCommitted
5 verbose isAnythingCommitted 1
6 silly getCurrentBranch
7 verbose currentBranch main
8 silly remoteBranchExists
9 silly isBehindUpstream
10 error Error: Command failed with exit code 1: git remote update
10 error fatal: Could not read from remote repository.
10 error
10 error Please make sure you have the correct access rights
10 error and the repository exists.
10 error Connection to github.com closed by remote host.
10 error error: Could not fetch origin
10 error Fetching origin
10 error     at makeError (/Users/fengshenhai/workspace/2022/fsh-gulu/node_modules/execa/lib/error.js:60:11)
10 error     at Function.module.exports.sync (/Users/fengshenhai/workspace/2022/fsh-gulu/node_modules/execa/index.js:194:17)
10 error     at Object.execSync (/Users/fengshenhai/workspace/2022/fsh-gulu/node_modules/@lerna/child-process/index.js:39:16)
10 error     at updateRemote (/Users/fengshenhai/workspace/2022/fsh-gulu/node_modules/@lerna/version/lib/is-behind-upstream.js:34:16)
10 error     at isBehindUpstream (/Users/fengshenhai/workspace/2022/fsh-gulu/node_modules/@lerna/version/lib/is-behind-upstream.js:16:3)
10 error     at VersionCommand.initialize (/Users/fengshenhai/workspace/2022/fsh-gulu/node_modules/@lerna/version/index.js:156:9)
